e:\graphics_projects\mur_engine\mur_engine\debug\mur_engine.pch
e:\graphics_projects\mur_engine\mur_engine\debug\vc140.pdb
e:\graphics_projects\mur_engine\mur_engine\debug\vc140.idb
e:\graphics_projects\mur_engine\mur_engine\debug\stdafx.obj
e:\graphics_projects\mur_engine\mur_engine\debug\basic_mesh.obj
e:\graphics_projects\mur_engine\mur_engine\debug\mur_util.obj
e:\graphics_projects\mur_engine\mur_engine\debug\technique.obj
e:\graphics_projects\mur_engine\mur_engine\debug\texture.obj
e:\graphics_projects\mur_engine\mur_engine\debug\basic.obj
e:\graphics_projects\mur_engine\mur_engine\debug\camera.obj
e:\graphics_projects\mur_engine\mur_engine\debug\lightingtechnique.obj
e:\graphics_projects\mur_engine\mur_engine\debug\model.obj
e:\graphics_projects\mur_engine\mur_engine\debug\mur_engine.obj
e:\graphics_projects\mur_engine\mur_engine\debug\shadowmapfbo.obj
e:\graphics_projects\mur_engine\mur_engine\debug\shadow_map_technique.obj
e:\graphics_projects\mur_engine\mur_engine\debug\simpletechnique.obj
e:\graphics_projects\mur_engine\mur_engine\debug\glad.obj
e:\graphics_projects\mur_engine\debug\mur_engine.ilk
e:\graphics_projects\mur_engine\debug\mur_engine.exe
e:\graphics_projects\mur_engine\debug\mur_engine.pdb
e:\graphics_projects\mur_engine\mur_engine\debug\mur_engine.tlog\cl.command.1.tlog
e:\graphics_projects\mur_engine\mur_engine\debug\mur_engine.tlog\cl.read.1.tlog
e:\graphics_projects\mur_engine\mur_engine\debug\mur_engine.tlog\cl.write.1.tlog
e:\graphics_projects\mur_engine\mur_engine\debug\mur_engine.tlog\link.command.1.tlog
e:\graphics_projects\mur_engine\mur_engine\debug\mur_engine.tlog\link.read.1.tlog
e:\graphics_projects\mur_engine\mur_engine\debug\mur_engine.tlog\link.write.1.tlog
